<?xml version="1.0" encoding="UTF-8"?>
<!-- Generated by org.testng.reporters.JUnitXMLReporter -->
<testsuite hostname="Selvi-VivoBook" name="Test" tests="5" failures="0" timestamp="5 Nov 2019 10:52:06 GMT" time="252.543" errors="0">
  <testcase name="test_login" time="59.289" classname="scripts.TC002_Gmail_Login_Compose_Logout"/>
  <testcase name="test_login" time="37.135" classname="scripts.TC005_Gmail_Login_NoOfURL_Logout"/>
  <testcase name="test_login" time="25.702" classname="scripts.TC001_Gmail_Login_Logout"/>
  <testcase name="test_login" time="62.131" classname="scripts.TC003_Gmail_Login_Compose_SentTime_Logout"/>
  <testcase name="test_login" time="26.676" classname="scripts.TC004_Gmail_Login_DraftNum_Logout"/>
</testsuite> <!-- Test -->
